{"method":"GET","length":16,"request":"/index.html","code":404,"date":1533205626836}
{"method":"GET","length":5,"request":"/favicon.ico","code":404,"date":1533205626864}
{"method":"GET","length":4,"request":"/super_basic1/index.html","code":404,"date":1533205647949}
{"method":"GET","length":4,"request":"/backbone.js-exemples/super_basic1/index.html","code":404,"date":1533205707096}
{"method":"GET","length":3,"request":"/backbone.js-exemples/super_basic1/README.markdown","code":404,"date":1533205725787}
{"method":"GET","length":3,"request":"/backbone.js-exemples/README.markdown","code":404,"date":1533205750929}
{"method":"GET","length":11,"request":"/backbone.js-examples/README.markdown","code":200,"date":1533205762233}
{"method":"GET","length":3,"request":"/backbone.js-examples/super_basic1/index.html","code":200,"date":1533205780906}
{"method":"GET","length":3,"request":"/backbone.js-examples/super_basic1/superbasic1.js","code":200,"date":1533205780921}
{"method":"GET","length":3,"request":"/backbone.js-examples/events2/index.html","code":200,"date":1533206246036}
{"method":"GET","length":3,"request":"/backbone.js-examples/events2/events2.js","code":200,"date":1533206246077}
{"method":"GET","length":12,"request":"/backbone.js-examples/events2/index.html","code":304,"date":1533206285315}
{"method":"GET","length":7,"request":"/backbone.js-examples/events2/events2.js","code":200,"date":1533206285341}
{"method":"GET","length":4,"request":"/backbone.js-examples/events2/index.html","code":304,"date":1533206317724}
{"method":"GET","length":5,"request":"/backbone.js-examples/events2/events2.js","code":200,"date":1533206317754}
{"method":"GET","length":4,"request":"/backbone.js-examples/collections3/index.html","code":200,"date":1533206405336}
{"method":"GET","length":2,"request":"/backbone.js-examples/collections3/collections3.js","code":200,"date":1533206405367}
{"method":"GET","length":3,"request":"/backbone.js-examples/collections3/collections3.css","code":200,"date":1533206405370}
{"method":"GET","length":6,"request":"/backbone.js-examples/bootstrap.css","code":200,"date":1533206405373}
{"method":"GET","length":5,"request":"/backbone.js-examples/collections3/images/cat2.jpg","code":200,"date":1533206405452}
{"method":"GET","length":4,"request":"/backbone.js-examples/collections3/images/up.gif","code":200,"date":1533206405452}
{"method":"GET","length":7,"request":"/backbone.js-examples/collections3/images/down.gif","code":200,"date":1533206405455}
{"method":"GET","length":6,"request":"/backbone.js-examples/collections3/images/cat1.jpg","code":200,"date":1533206405459}
{"method":"GET","length":5,"request":"/backbone.js-examples/collections3/images/cat3.jpg","code":200,"date":1533206405465}
{"method":"GET","length":4,"request":"/backbone.js-examples/collections3/images/cat4.jpg","code":200,"date":1533206405469}
{"method":"GET","length":4,"request":"/backbone.js-examples/collections3/images/cat1.jpg","code":200,"date":1533206687853}
{"method":"GET","length":5,"request":"/backbone.js-examples/collections3/images/cat1.jpg","code":304,"date":1533206882682}
{"method":"GET","length":3,"request":"/backbone.js-examples/collections3/images/cat2.jpg","code":304,"date":1533206888660}
{"method":"GET","length":4,"request":"/backbone.js-examples/collections3/images/cat2.jpg","code":304,"date":1533212425100}
{"method":"GET","length":13,"request":"/backbone.js-examples/collections3/images/cat2.jpg","code":304,"date":1533212435327}
{"method":"GET","length":5,"request":"/backbone.js-examples/collections3/images/cat2.jpg","code":304,"date":1533212801148}
{"method":"GET","length":5,"request":"/backbone.js-examples/collections3/images/cat2.jpg","code":200,"date":1533212806364}
{"method":"GET","length":16,"request":"/index.html","code":404,"date":1533729833419}
{"method":"GET","length":5,"request":"/favicon.ico","code":404,"date":1533729833450}
